-------------------------------------------------------------------------------
Test set: com.maksym.ruffiniTest
-------------------------------------------------------------------------------
Tests run: 4, Failures: 2, Errors: 0, Skipped: 0, Time elapsed: 0.004 s <<< FAILURE! - in com.maksym.ruffiniTest
testEcuacion1?grad  Time elapsed: 0 s  <<< FAILURE!
java.lang.AssertionError: 

Expected: a string containing "La soluci?n es: 6"
     but: was "0 para salir
1 Aritm?tica b?sica
2 ?rea pol?gonos regulares.
3 Teorema de Pit?goras
4 Ecuaciones 1? grado
5 Ecuaciones 2? grado
6 Ecuaciones superior al 2? grado
Introduzca una opci?n: Introduzca el coeficiente grado 1: 
Introduzca el termino independiente: 
La soluci?n es: 6
0 para salir
1 Aritm?tica b?sica
2 ?rea pol?gonos regulares.
3 Teorema de Pit?goras
4 Ecuaciones 1? grado
5 Ecuaciones 2? grado
6 Ecuaciones superior al 2? grado
Introduzca una opci?n: "
	at com.maksym.ruffiniTest.testEcuacion1?grad(ruffiniTest.java:46)

TestEcuacion1?graderr  Time elapsed: 0.001 s  <<< FAILURE!
java.lang.AssertionError: 

Expected: a string containing "Esto no es una ecuaci?n"
     but: was "0 para salir
1 Aritm?tica b?sica
2 ?rea pol?gonos regulares.
3 Teorema de Pit?goras
4 Ecuaciones 1? grado
5 Ecuaciones 2? grado
6 Ecuaciones superior al 2? grado
Introduzca una opci?n: Introduzca el coeficiente grado 1: 
Introduzca el termino independiente: 
Esto no es una ecuaci?n
0 para salir
1 Aritm?tica b?sica
2 ?rea pol?gonos regulares.
3 Teorema de Pit?goras
4 Ecuaciones 1? grado
5 Ecuaciones 2? grado
6 Ecuaciones superior al 2? grado
Introduzca una opci?n: "
	at com.maksym.ruffiniTest.TestEcuacion1?graderr(ruffiniTest.java:57)

